{
  "stats": {
    "suites": 1,
    "tests": 2,
    "passes": 2,
    "pending": 0,
    "failures": 0,
    "start": "2023-11-14T11:58:04.173Z",
    "end": "2023-11-14T11:58:05.224Z",
    "duration": 1051,
    "testsRegistered": 2,
    "passPercent": 100,
    "pendingPercent": 0,
    "other": 0,
    "hasOther": false,
    "skipped": 0,
    "hasSkipped": false
  },
  "results": [
    {
      "uuid": "caf52b43-3a50-43d4-9759-242b60e17d03",
      "title": "",
      "fullFile": "cypress\\e2e\\races.cy.ts",
      "file": "cypress\\e2e\\races.cy.ts",
      "beforeHooks": [],
      "afterHooks": [],
      "tests": [],
      "suites": [
        {
          "uuid": "1b0e8210-1994-474c-9df7-9d85d4af666c",
          "title": "Races",
          "fullFile": "",
          "file": "",
          "beforeHooks": [],
          "afterHooks": [],
          "tests": [
            {
              "title": "should display a race list",
              "fullTitle": "Races should display a race list",
              "timedOut": null,
              "duration": 838,
              "state": "passed",
              "speed": "fast",
              "pass": true,
              "fail": false,
              "pending": false,
              "context": null,
              "code": "cy.visit('/races');\ncy.wait('@getRaces');\ncy.get('h2').should('have.length', 2);\ncy.get('p').should('have.length', 2).and('contain', 'ago');",
              "err": {},
              "uuid": "b6643b64-71e8-43e2-a356-18d71daefc20",
              "parentUUID": "1b0e8210-1994-474c-9df7-9d85d4af666c",
              "isHook": false,
              "skipped": false
            },
            {
              "title": "should display ponies",
              "fullTitle": "Races should display ponies",
              "timedOut": null,
              "duration": 191,
              "state": "passed",
              "speed": "fast",
              "pass": true,
              "fail": false,
              "pending": false,
              "context": null,
              "code": "cy.visit('/races');\ncy.wait('@getRaces');\ncy.get('figure').should('have.length', 10);\ncy.get('img').should('have.length', 10);\ncy.get('figcaption').should('have.length', 10);",
              "err": {},
              "uuid": "26462c33-4d96-4858-91e8-76e8acd0ba48",
              "parentUUID": "1b0e8210-1994-474c-9df7-9d85d4af666c",
              "isHook": false,
              "skipped": false
            }
          ],
          "suites": [],
          "passes": [
            "b6643b64-71e8-43e2-a356-18d71daefc20",
            "26462c33-4d96-4858-91e8-76e8acd0ba48"
          ],
          "failures": [],
          "pending": [],
          "skipped": [],
          "duration": 1029,
          "root": false,
          "rootEmpty": false,
          "_timeout": 2000
        }
      ],
      "passes": [],
      "failures": [],
      "pending": [],
      "skipped": [],
      "duration": 0,
      "root": true,
      "rootEmpty": true,
      "_timeout": 2000
    }
  ],
  "meta": {
    "mocha": {
      "version": "7.0.1"
    },
    "mochawesome": {
      "options": {
        "quiet": false,
        "reportFilename": "mochawesome",
        "saveHtml": false,
        "saveJson": true,
        "consoleReporter": "spec",
        "useInlineDiffs": false,
        "code": true
      },
      "version": "7.1.3"
    },
    "marge": {
      "options": {
        "reportDir": "results/mochawesome",
        "overwrite": false,
        "html": false,
        "json": true
      },
      "version": "6.2.0"
    }
  }
}